2020-05-08 17:24:14,582 [main] INFO romui - Login credentials to be entered
2020-05-08 17:24:25,294 [main] INFO romui - Order Management link is clicked on
2020-05-08 17:24:29,674 [main] INFO romui - Navigated to Pipeline page
2020-05-08 17:24:44,270 [main] INFO romui - Login credentials to be entered
2020-05-08 17:24:52,892 [main] INFO romui - Order Management link is clicked on
2020-05-08 17:24:57,817 [main] INFO romui - Navigated to Pipeline page
2020-05-08 17:25:08,203 [main] INFO romui - Login credentials to be entered
2020-05-08 17:25:16,576 [main] INFO romui - Order Management link is clicked on
2020-05-08 17:25:21,061 [main] INFO romui - Navigated to Pipeline page
2020-05-08 17:25:26,549 [main] INFO romui - Verify if Delete pipeline success message is displayed
2020-05-08 17:25:34,514 [main] INFO romui - Login credentials to be entered
2020-05-08 17:25:42,417 [main] INFO romui - Order Management link is clicked on
2020-05-08 17:25:46,505 [main] INFO romui - Navigated to Pipeline page
2020-05-08 17:25:54,456 [main] INFO romui - Copy link is clicked on to enter the data and Clicked on Save btn
2020-05-08 17:25:54,456 [main] INFO romui - Verify if Copy pipeline success message is displayed
2020-05-08 17:26:03,280 [main] INFO romui - Login credentials to be entered
2020-05-08 17:26:12,621 [main] INFO romui - Order Management link is clicked on
2020-05-08 17:26:17,403 [main] INFO romui - Navigated to Pipeline page
2020-05-08 17:26:19,369 [main] INFO romui - Edit Pipeline Config link is clicked on to enter the data and Clicked on Save btn
2020-05-08 17:26:19,369 [main] INFO romui - Verify if Edit pipeline Config success message is displayed
2020-05-08 17:26:28,705 [main] INFO romui - Login credentials to be entered
2020-05-08 17:26:37,661 [main] INFO romui - Order Management link is clicked on
2020-05-08 17:26:42,128 [main] INFO romui - Navigated to Pipeline page
2020-05-08 17:26:42,163 [main] INFO romui - Edit link is clicked on to enter the data and Clicked on Save btn
2020-05-08 17:26:42,163 [main] INFO romui - Verify if Edit pipeline success message is displayed
2020-05-10 22:09:41,820 [main] INFO romui - Login credentials to be entered
2020-05-10 22:09:52,476 [main] INFO romui - Order Management link is clicked on
2020-05-10 22:09:57,087 [main] INFO romui - Navigated to Pipeline page
2020-05-10 22:10:10,035 [main] INFO romui - Login credentials to be entered
2020-05-10 22:10:18,113 [main] INFO romui - Order Management link is clicked on
2020-05-10 22:10:22,747 [main] INFO romui - Navigated to Pipeline page
2020-05-10 22:10:31,407 [main] INFO romui - View Pipeline Feature has veen validated successfully
2020-05-10 22:10:39,150 [main] INFO romui - Login credentials to be entered
2020-05-10 22:10:47,431 [main] INFO romui - Order Management link is clicked on
2020-05-10 22:10:51,620 [main] INFO romui - Navigated to Pipeline page
2020-05-10 22:10:58,217 [main] INFO romui - Verify if Delete pipeline success message is displayed
2020-05-10 22:14:22,986 [main] INFO romui - Login credentials to be entered
2020-05-10 22:14:30,694 [main] INFO romui - Order Management link is clicked on
2020-05-10 22:14:34,688 [main] INFO romui - Navigated to Pipeline page
2020-05-10 22:17:25,181 [main] INFO romui - Login credentials to be entered
2020-05-10 22:17:34,882 [main] INFO romui - Order Management link is clicked on
2020-05-10 22:17:39,378 [main] INFO romui - Navigated to Pipeline page
2020-05-10 22:17:47,185 [main] INFO romui - Add link is clicked on to enter the data and Clicked on Save btn
2020-05-10 22:17:47,185 [main] INFO romui - Verify if add pipeline success message is displayed
2020-05-10 22:18:56,814 [main] INFO romui - Login credentials to be entered
2020-05-10 22:19:05,905 [main] INFO romui - Order Management link is clicked on
2020-05-10 22:19:09,853 [main] INFO romui - Navigated to Pipeline page
2020-05-10 22:27:12,072 [main] INFO romui - Login credentials to be entered
2020-05-10 22:27:21,686 [main] INFO romui - Order Management link is clicked on
2020-05-10 22:27:26,101 [main] INFO romui - Navigated to Pipeline page
2020-05-10 22:27:26,307 [main] INFO romui - Edit link is clicked on to enter the data and Clicked on Save btn
2020-05-10 22:27:26,307 [main] INFO romui - Verify if Edit pipeline success message is displayed
2020-05-10 22:28:31,231 [main] INFO romui - Login credentials to be entered
2020-05-10 22:28:38,509 [main] INFO romui - Order Management link is clicked on
2020-05-10 22:28:43,014 [main] INFO romui - Navigated to Pipeline page
2020-05-10 22:28:43,208 [main] INFO romui - Edit link is clicked on to enter the data and Clicked on Save btn
2020-05-10 22:28:43,209 [main] INFO romui - Verify if Edit pipeline success message is displayed
2020-05-10 22:33:07,059 [main] INFO romui - Login credentials to be entered
2020-05-10 22:33:16,504 [main] INFO romui - Order Management link is clicked on
2020-05-10 22:33:21,321 [main] INFO romui - Navigated to Pipeline page
2020-05-10 22:33:21,507 [main] INFO romui - Edit link is clicked on to enter the data and Clicked on Save btn
2020-05-10 22:33:21,507 [main] INFO romui - Verify if Edit pipeline success message is displayed
2020-05-10 22:43:06,190 [main] INFO romui - Login credentials to be entered
2020-05-10 22:43:17,588 [main] INFO romui - Order Management link is clicked on
2020-05-10 22:43:21,727 [main] INFO romui - Navigated to Pipeline page
2020-05-10 22:43:30,514 [main] INFO romui - Add link is clicked on to enter the data and Clicked on Save btn
2020-05-10 22:43:30,515 [main] INFO romui - Verify if add pipeline success message is displayed
2020-05-10 22:47:45,876 [main] INFO romui - Login credentials to be entered
2020-05-10 22:47:54,652 [main] INFO romui - Order Management link is clicked on
2020-05-10 22:47:59,519 [main] INFO romui - Navigated to Pipeline page
2020-05-10 22:48:08,702 [main] INFO romui - Add link is clicked on to enter the data and Clicked on Save btn
2020-05-10 22:48:08,702 [main] INFO romui - Verify if add pipeline success message is displayed
2020-05-10 22:50:58,069 [main] INFO romui - Login credentials to be entered
2020-05-10 22:51:08,749 [main] INFO romui - Order Management link is clicked on
2020-05-10 22:51:13,206 [main] INFO romui - Navigated to Pipeline page
2020-05-10 22:51:23,484 [main] INFO romui - Login credentials to be entered
2020-05-10 22:51:33,309 [main] INFO romui - Order Management link is clicked on
2020-05-10 22:51:37,802 [main] INFO romui - Navigated to Pipeline page
2020-05-10 22:54:45,556 [main] INFO romui - Login credentials to be entered
2020-05-10 22:54:53,629 [main] INFO romui - Order Management link is clicked on
2020-05-10 22:54:58,460 [main] INFO romui - Navigated to Pipeline page
2020-05-10 22:55:17,479 [main] INFO romui - Login credentials to be entered
2020-05-10 22:55:25,210 [main] INFO romui - Order Management link is clicked on
2020-05-10 22:55:29,564 [main] INFO romui - Navigated to Pipeline page
2020-05-10 23:01:08,502 [main] INFO romui - Login credentials to be entered
2020-05-10 23:01:18,892 [main] INFO romui - Order Management link is clicked on
2020-05-10 23:01:23,504 [main] INFO romui - Navigated to Pipeline page
2020-05-10 23:01:36,375 [main] INFO romui - Login credentials to be entered
2020-05-10 23:01:45,168 [main] INFO romui - Order Management link is clicked on
2020-05-10 23:01:49,368 [main] INFO romui - Navigated to Pipeline page
2020-05-10 23:04:53,139 [main] INFO romui - Login credentials to be entered
2020-05-10 23:05:05,004 [main] INFO romui - Order Management link is clicked on
2020-05-10 23:05:08,913 [main] INFO romui - Navigated to Pipeline page
2020-05-10 23:05:22,336 [main] INFO romui - Login credentials to be entered
2020-05-10 23:06:09,109 [main] INFO romui - Login credentials to be entered
2020-05-10 23:06:17,542 [main] INFO romui - Order Management link is clicked on
2020-05-10 23:06:22,432 [main] INFO romui - Navigated to Pipeline page
2020-05-10 23:12:04,143 [main] INFO romui - Login credentials to be entered
2020-05-10 23:12:15,013 [main] INFO romui - Order Management link is clicked on
2020-05-10 23:12:19,475 [main] INFO romui - Navigated to Pipeline page
2020-05-10 23:13:55,799 [main] INFO romui - Login credentials to be entered
2020-05-10 23:14:05,115 [main] INFO romui - Order Management link is clicked on
2020-05-10 23:14:09,832 [main] INFO romui - Navigated to Pipeline page
2020-05-10 23:17:20,156 [main] INFO romui - Login credentials to be entered
2020-05-10 23:17:29,616 [main] INFO romui - Order Management link is clicked on
2020-05-10 23:17:33,628 [main] INFO romui - Navigated to Pipeline page
2020-05-10 23:20:09,246 [main] INFO romui - Login credentials to be entered
2020-05-10 23:20:17,769 [main] INFO romui - Order Management link is clicked on
2020-05-10 23:20:21,890 [main] INFO romui - Navigated to Pipeline page
2020-05-10 23:20:24,433 [main] INFO romui - Edit link is clicked on to enter the data and Clicked on Save btn
2020-05-10 23:20:24,434 [main] INFO romui - Verify if Edit pipeline success message is displayed
2020-05-10 23:29:20,920 [main] INFO romui - Login credentials to be entered
2020-05-10 23:29:30,607 [main] INFO romui - Order Management link is clicked on
2020-05-10 23:29:35,356 [main] INFO romui - Navigated to Pipeline page
2020-05-10 23:30:58,356 [main] INFO romui - Login credentials to be entered
2020-05-10 23:31:05,922 [main] INFO romui - Order Management link is clicked on
2020-05-10 23:31:10,647 [main] INFO romui - Navigated to Pipeline page
2020-05-10 23:31:22,267 [main] INFO romui - Edit link is clicked on to enter the data and Clicked on Save btn
2020-05-10 23:31:22,267 [main] INFO romui - Verify if Edit pipeline success message is displayed
2020-05-10 23:31:58,352 [main] INFO romui - Login credentials to be entered
2020-05-10 23:32:07,168 [main] INFO romui - Order Management link is clicked on
2020-05-10 23:32:11,353 [main] INFO romui - Navigated to Pipeline page
2020-05-10 23:41:13,024 [main] INFO romui - Login credentials to be entered
2020-05-10 23:41:23,205 [main] INFO romui - Order Management link is clicked on
2020-05-10 23:41:27,623 [main] INFO romui - Navigated to Pipeline page
2020-05-10 23:41:45,021 [main] INFO romui - Edit link is clicked on to enter the data and Clicked on Save btn
2020-05-10 23:41:45,022 [main] INFO romui - Verify if Edit pipeline success message is displayed
2020-05-10 23:42:16,219 [main] INFO romui - Login credentials to be entered
2020-05-10 23:42:24,309 [main] INFO romui - Order Management link is clicked on
2020-05-10 23:42:28,582 [main] INFO romui - Navigated to Pipeline page
2020-05-10 23:42:41,068 [main] INFO romui - Edit link is clicked on to enter the data and Clicked on Save btn
2020-05-10 23:42:41,068 [main] INFO romui - Verify if Edit pipeline success message is displayed
2020-05-10 23:43:45,234 [main] INFO romui - Login credentials to be entered
2020-05-10 23:43:53,909 [main] INFO romui - Order Management link is clicked on
2020-05-10 23:43:58,356 [main] INFO romui - Navigated to Pipeline page
2020-05-10 23:44:09,064 [main] INFO romui - Edit link is clicked on to enter the data and Clicked on Save btn
2020-05-10 23:44:09,065 [main] INFO romui - Verify if Edit pipeline success message is displayed
2020-05-10 23:53:24,817 [main] INFO romui - Login credentials to be entered
2020-05-10 23:53:36,042 [main] INFO romui - Order Management link is clicked on
2020-05-10 23:53:40,071 [main] INFO romui - Navigated to Pipeline page
2020-05-10 23:53:45,190 [main] INFO romui - Copy link is clicked on to enter the data and Clicked on Save btn
2020-05-10 23:53:45,190 [main] INFO romui - Verify if Copy pipeline success message is displayed
2020-05-11 00:04:34,274 [main] INFO romui - Login credentials to be entered
2020-05-11 00:04:45,912 [main] INFO romui - Order Management link is clicked on
2020-05-11 00:04:50,137 [main] INFO romui - Navigated to Pipeline page
2020-05-11 00:04:57,190 [main] INFO romui - Copy link is clicked on to enter the data and Clicked on Save btn
2020-05-11 00:04:57,191 [main] INFO romui - Verify if Copy pipeline success message is displayed
2020-05-11 00:06:50,958 [main] INFO romui - Login credentials to be entered
2020-05-11 00:06:59,398 [main] INFO romui - Order Management link is clicked on
2020-05-11 00:07:04,252 [main] INFO romui - Navigated to Pipeline page
2020-05-11 00:07:21,736 [main] INFO romui - Copy link is clicked on to enter the data and Clicked on Save btn
2020-05-11 00:07:21,736 [main] INFO romui - Verify if Copy pipeline success message is displayed
2020-05-11 00:13:50,022 [main] INFO romui - Login credentials to be entered
2020-05-11 00:13:58,332 [main] INFO romui - Order Management link is clicked on
2020-05-11 00:14:02,832 [main] INFO romui - Navigated to Pipeline page
2020-05-11 00:14:09,357 [main] INFO romui - Edit Pipeline Config link is clicked on to enter the data and Clicked on Save btn
2020-05-11 00:14:09,357 [main] INFO romui - Verify if Edit pipeline Config success message is displayed
2020-05-11 00:22:17,749 [main] INFO romui - Login credentials to be entered
2020-05-11 00:22:28,571 [main] INFO romui - Order Management link is clicked on
2020-05-11 00:22:33,312 [main] INFO romui - Navigated to Pipeline page
2020-05-11 00:23:50,887 [main] INFO romui - Login credentials to be entered
2020-05-11 00:24:01,001 [main] INFO romui - Order Management link is clicked on
2020-05-11 00:24:05,708 [main] INFO romui - Navigated to Pipeline page
2020-05-11 00:26:56,405 [main] INFO romui - Login credentials to be entered
2020-05-11 00:27:04,861 [main] INFO romui - Order Management link is clicked on
2020-05-11 00:27:09,690 [main] INFO romui - Navigated to Pipeline page
